<?xml version="1.0" encoding="UTF-8"?>
<coverage generated="1578373451014" clover="3.2.0">
  <project timestamp="1578373451015" name="All files">
    <metrics statements="5" coveredstatements="4" conditionals="0" coveredconditionals="0" methods="2" coveredmethods="1" elements="7" coveredelements="5" complexity="0" loc="5" ncloc="5" packages="1" files="1" classes="1"/>
    <file name="validator.js" path="/home/tskyles/devstation/401/labs/401-lab-01/lib/validator.js">
      <metrics statements="5" coveredstatements="4" conditionals="0" coveredconditionals="0" methods="2" coveredmethods="1"/>
      <line num="3" count="1" type="stmt"/>
      <line num="12" count="1" type="stmt"/>
      <line num="13" count="0" type="stmt"/>
      <line num="21" count="1" type="stmt"/>
      <line num="22" count="6" type="stmt"/>
    </file>
  </project>
</coverage>
